<?xml version="1.0" encoding="UTF-8"?>
<testng-results ignored="0" total="1" passed="1" failed="0" skipped="0">
  <reporter-output>
    <line>
      <![CDATA[Setting up Extent Report]]>
    </line>
    <line>
      <![CDATA[Browser Application is starting]]>
    </line>
    <line>
      <![CDATA[Browser Application is Running]]>
    </line>
    <line>
      <![CDATA[Test is Completed]]>
    </line>
    <line>
      <![CDATA[Clossing the Browser Driver]]>
    </line>
    <line>
      <![CDATA[Browser Driver is Closed]]>
    </line>
  </reporter-output>
  <suite started-at="2020-03-28T18:11:48 CST" name="Suite" finished-at="2020-03-28T18:12:20 CST" duration-ms="31888">
    <groups>
    </groups>
    <test started-at="2020-03-28T18:11:48 CST" name="Test" finished-at="2020-03-28T18:12:20 CST" duration-ms="31888">
      <class name="com.mavenframework.testcases.LoginTestCase">
        <test-method is-config="true" signature="SetUpSuite()[pri:0, instance:com.mavenframework.testcases.LoginTestCase@27ae2fd0]" started-at="2020-03-28T18:11:47 CST" name="SetUpSuite" finished-at="2020-03-28T18:11:48 CST" duration-ms="613" status="PASS">
          <reporter-output>
            <line>
              <![CDATA[Setting up Extent Report]]>
            </line>
          </reporter-output>
        </test-method> <!-- SetUpSuite -->
        <test-method is-config="true" signature="Setup()[pri:0, instance:com.mavenframework.testcases.LoginTestCase@27ae2fd0]" started-at="2020-03-28T18:11:48 CST" name="Setup" finished-at="2020-03-28T18:12:08 CST" duration-ms="19904" status="PASS">
          <reporter-output>
            <line>
              <![CDATA[Browser Application is starting]]>
            </line>
            <line>
              <![CDATA[Browser Application is Running]]>
            </line>
          </reporter-output>
        </test-method> <!-- Setup -->
        <test-method signature="Login()[pri:1, instance:com.mavenframework.testcases.LoginTestCase@27ae2fd0]" started-at="2020-03-28T18:12:08 CST" name="Login" finished-at="2020-03-28T18:12:17 CST" duration-ms="8991" status="PASS">
          <reporter-output>
          </reporter-output>
        </test-method> <!-- Login -->
        <test-method is-config="true" signature="TearDownMethod(org.testng.ITestResult)[pri:0, instance:com.mavenframework.testcases.LoginTestCase@27ae2fd0]" started-at="2020-03-28T18:12:17 CST" name="TearDownMethod" finished-at="2020-03-28T18:12:18 CST" duration-ms="1581" status="PASS">
          <params>
            <param index="0">
              <value>
                <![CDATA[[TestResult name=Login status=SUCCESS method=LoginTestCase.Login()[pri:1, instance:com.mavenframework.testcases.LoginTestCase@27ae2fd0] output={null}]]]>
              </value>
            </param>
          </params>
          <reporter-output>
            <line>
              <![CDATA[Test is Completed]]>
            </line>
          </reporter-output>
        </test-method> <!-- TearDownMethod -->
        <test-method is-config="true" signature="TearDown()[pri:0, instance:com.mavenframework.testcases.LoginTestCase@27ae2fd0]" started-at="2020-03-28T18:12:18 CST" name="TearDown" finished-at="2020-03-28T18:12:20 CST" duration-ms="1369" status="PASS">
          <reporter-output>
            <line>
              <![CDATA[Clossing the Browser Driver]]>
            </line>
            <line>
              <![CDATA[Browser Driver is Closed]]>
            </line>
          </reporter-output>
        </test-method> <!-- TearDown -->
      </class> <!-- com.mavenframework.testcases.LoginTestCase -->
    </test> <!-- Test -->
  </suite> <!-- Suite -->
</testng-results>
